Created a socket
CAN ID: 0x123 DLC: 2 Data: dead
SocketcanBus was not properly shut down
Created a socket
CAN ID: 0x512 DLC: 8 Data: 62bd423fbecb5468
CAN ID: 0x263 DLC: 8 Data: f39c0414c7abaa1c
CAN ID: 0x9a DLC: 8 Data: 0b473a31c94d3856
CAN ID: 0x31a DLC: 8 Data: fcaacc6168fd316e
CAN ID: 0x657 DLC: 0 Data: 
CAN ID: 0x1ab DLC: 8 Data: 0b7bdb18cd028219
CAN ID: 0x725 DLC: 8 Data: 688d4c5e7e96af07
CAN ID: 0x7b7 DLC: 0 Data: 
CAN ID: 0x24f DLC: 4 Data: 88b88d32
CAN ID: 0x2e2 DLC: 8 Data: 79e8f4737ceb9129
CAN ID: 0x169 DLC: 4 Data: 4539ca7f
CAN ID: 0x3c3 DLC: 1 Data: ec
CAN ID: 0x7b1 DLC: 6 Data: e297da495d31
CAN ID: 0x6e3 DLC: 8 Data: 2a34561b08fe2f63
CAN ID: 0x57a DLC: 2 Data: 8694
CAN ID: 0x562 DLC: 8 Data: fb597515b147412e
CAN ID: 0x56c DLC: 3 Data: 63848b
CAN ID: 0x7fe DLC: 8 Data: cb23c56768517e35
CAN ID: 0x460 DLC: 0 Data: 
CAN ID: 0x152 DLC: 8 Data: 3e82c9540329097e
CAN ID: 0x24e DLC: 1 Data: 60
CAN ID: 0x50e DLC: 8 Data: 3adfe001889ab531
CAN ID: 0x1c DLC: 1 Data: ba
CAN ID: 0x209 DLC: 5 Data: 2f85247c75
CAN ID: 0x438 DLC: 2 Data: c327
CAN ID: 0x66e DLC: 8 Data: 9e2d7e1ece12e019
CAN ID: 0x9f DLC: 8 Data: f24a1a73f1e91a04
CAN ID: 0x362 DLC: 0 Data: 
CAN ID: 0x751 DLC: 5 Data: e396981760
CAN ID: 0x3df DLC: 8 Data: e8ae9719fc4b0b32
CAN ID: 0x1de DLC: 2 Data: 7a89
CAN ID: 0x57 DLC: 8 Data: 5c13d5198f8c5b03
CAN ID: 0x3c DLC: 0 Data: 
CAN ID: 0x6ae DLC: 4 Data: 79a1d312
CAN ID: 0x1ef DLC: 8 Data: 3e19ea175115a731
CAN ID: 0x19c DLC: 3 Data: 02cb8e
CAN ID: 0x188 DLC: 5 Data: 4db53b1c67
CAN ID: 0x3 DLC: 6 Data: 63e14f6be1c1
CAN ID: 0x2d8 DLC: 8 Data: c9e5424e30334e75
CAN ID: 0x188 DLC: 5 Data: bfbfa978c4
CAN ID: 0x445 DLC: 5 Data: 6f20085ef4
CAN ID: 0x6ea DLC: 8 Data: 41ea365ad9e07d25
CAN ID: 0x654 DLC: 0 Data: 
CAN ID: 0x7b3 DLC: 8 Data: de08f5783bc93e28
CAN ID: 0x312 DLC: 8 Data: a25e836115fb7b1f
CAN ID: 0x261 DLC: 6 Data: f7bc56013a3d
CAN ID: 0x2e4 DLC: 0 Data: 
CAN ID: 0x3e5 DLC: 8 Data: 30b677042bd03e25
CAN ID: 0xaf DLC: 0 Data: 
CAN ID: 0x89 DLC: 0 Data: 
CAN ID: 0xe0 DLC: 8 Data: ceaec00e93a82d44
CAN ID: 0x7c9 DLC: 8 Data: ce716c6cdcd26e1c
CAN ID: 0x5d7 DLC: 1 Data: f1
CAN ID: 0x77 DLC: 8 Data: 73d54b7f5bbbd452
CAN ID: 0x5a8 DLC: 8 Data: c7df37728ec98c44
CAN ID: 0x606 DLC: 7 Data: b999cb69b5ceb2
CAN ID: 0x497 DLC: 8 Data: 4ee6ef5520058b2c
CAN ID: 0x238 DLC: 0 Data: 
CAN ID: 0x55d DLC: 8 Data: acbb7b17267d1e05
CAN ID: 0x278 DLC: 8 Data: 02508d214f280d2a
CAN ID: 0x5ec DLC: 4 Data: 88c0f711
CAN ID: 0xdc DLC: 8 Data: bec96f3f85d69427
CAN ID: 0x3d8 DLC: 5 Data: 13a0216cdf
CAN ID: 0x77c DLC: 8 Data: 9420462a14ac8601
CAN ID: 0x6a4 DLC: 3 Data: 34b111
CAN ID: 0x5a3 DLC: 2 Data: f50b
CAN ID: 0x7fe DLC: 2 Data: 2730
CAN ID: 0x51d DLC: 8 Data: c6d2666109f33807
CAN ID: 0x61d DLC: 8 Data: 6c01d473fa464921
CAN ID: 0x14a DLC: 8 Data: 7f1dde482205e121
CAN ID: 0x4af DLC: 2 Data: 0157
CAN ID: 0x75e DLC: 6 Data: 3f60c90e0256
CAN ID: 0x679 DLC: 4 Data: de4efb7c
CAN ID: 0x6a6 DLC: 4 Data: 1d173d53
CAN ID: 0x276 DLC: 4 Data: 1bb12943
CAN ID: 0x76d DLC: 1 Data: 9c
CAN ID: 0x730 DLC: 8 Data: 85acb72b7a40911c
CAN ID: 0x732 DLC: 4 Data: 9c45723e
CAN ID: 0x796 DLC: 8 Data: 0c00511ef47e8234
CAN ID: 0x434 DLC: 8 Data: f6d4ce6aad929104
CAN ID: 0x1c0 DLC: 4 Data: c9f66255
CAN ID: 0x6a8 DLC: 6 Data: 0b8762571ea1
CAN ID: 0x52a DLC: 7 Data: b1b80545981c46
CAN ID: 0x408 DLC: 8 Data: 2382b41138d30b57
CAN ID: 0x755 DLC: 8 Data: b2139d7387a6126f
CAN ID: 0xac DLC: 8 Data: 68f220004280975b
CAN ID: 0x5ed DLC: 5 Data: 36ff191021
CAN ID: 0x2c1 DLC: 8 Data: ce9c284f81c48135
CAN ID: 0x17e DLC: 3 Data: c717a9
CAN ID: 0x41a DLC: 8 Data: 4013d95722c01f32
CAN ID: 0x3c6 DLC: 3 Data: 5b932b
CAN ID: 0x40b DLC: 8 Data: a309c269b7bcfb58
CAN ID: 0x5c DLC: 8 Data: f93c933449f6cd6f
CAN ID: 0x681 DLC: 8 Data: 6a00653a4241e153
CAN ID: 0x5b DLC: 8 Data: c30563095c084922
CAN ID: 0xd0 DLC: 8 Data: 057fbe034ed2447b
CAN ID: 0x69d DLC: 8 Data: f6c8d74bb71af155
CAN ID: 0x745 DLC: 7 Data: dada10080cfbd5
CAN ID: 0x19a DLC: 5 Data: 285e854ca6
CAN ID: 0x542 DLC: 8 Data: 5df2330d9f15dd3c
CAN ID: 0x3d7 DLC: 7 Data: e80bab2c58527f
CAN ID: 0x386 DLC: 3 Data: 9a9360
CAN ID: 0x18b DLC: 8 Data: 3e8453685bdab61e
CAN ID: 0x408 DLC: 3 Data: a9acfb
CAN ID: 0x20f DLC: 0 Data: 
CAN ID: 0x1d7 DLC: 7 Data: 61fc650471c3c2
CAN ID: 0x66c DLC: 8 Data: 17f9fa4aae736c70
CAN ID: 0x254 DLC: 5 Data: 4d89492d2c
CAN ID: 0x2cc DLC: 6 Data: 8478dc4f5286
CAN ID: 0x189 DLC: 8 Data: 34027566144ba231
CAN ID: 0x57c DLC: 2 Data: 7025
CAN ID: 0x1b5 DLC: 8 Data: 2a846455c5235453
CAN ID: 0x7b9 DLC: 7 Data: 1a25e4059099ac
CAN ID: 0x1be DLC: 8 Data: 025d6f702ae81052
CAN ID: 0x404 DLC: 8 Data: d85b7d42583e6862
CAN ID: 0x18e DLC: 6 Data: 8464c5095a5c
CAN ID: 0x25c DLC: 8 Data: ade2f94de51bc00a
CAN ID: 0x128 DLC: 1 Data: f9
CAN ID: 0x354 DLC: 8 Data: 29181b5a09f5113e
CAN ID: 0x683 DLC: 3 Data: ce1866
CAN ID: 0x5da DLC: 8 Data: cd3fe52098bfa73d
CAN ID: 0x763 DLC: 8 Data: c2a7b80f67dbc97c
CAN ID: 0x2e8 DLC: 8 Data: c019325f77345860
CAN ID: 0xc0 DLC: 4 Data: d190e70d
CAN ID: 0x34d DLC: 8 Data: 017f781675447868
CAN ID: 0x60 DLC: 8 Data: 1ad35760b4c38713
CAN ID: 0x264 DLC: 3 Data: bdb899
CAN ID: 0x796 DLC: 8 Data: 2477df1d70bdf037
CAN ID: 0x774 DLC: 1 Data: 08
CAN ID: 0x3c0 DLC: 8 Data: 3f4aa818a846d81c
CAN ID: 0x64 DLC: 8 Data: 1f7b307d25118419
CAN ID: 0x244 DLC: 1 Data: 41
CAN ID: 0x76f DLC: 3 Data: 0782e3
CAN ID: 0x13e DLC: 1 Data: 83
CAN ID: 0x64 DLC: 1 Data: 8a
CAN ID: 0x5cd DLC: 8 Data: 6a8591484135b539
CAN ID: 0x29f DLC: 2 Data: 19a4
CAN ID: 0x73c DLC: 8 Data: 07e5620ea04f021b
CAN ID: 0x258 DLC: 7 Data: c56086349c34e8
CAN ID: 0x418 DLC: 7 Data: 2e72536a87eba4
CAN ID: 0x4a DLC: 5 Data: 57c3ee7488
CAN ID: 0x156 DLC: 8 Data: 2aed2d12ba892009
CAN ID: 0x31b DLC: 4 Data: b451c119
CAN ID: 0x562 DLC: 8 Data: 2a0e4c5501e8185b
CAN ID: 0x190 DLC: 3 Data: 6086a3
CAN ID: 0x9c DLC: 8 Data: 6c50fa7ef5f2317f
CAN ID: 0x38f DLC: 2 Data: 9127
CAN ID: 0x639 DLC: 8 Data: 2e23ea7a834ebb22
CAN ID: 0x5f4 DLC: 5 Data: 0bf0c2464a
CAN ID: 0x560 DLC: 5 Data: 046137127b
CAN ID: 0x6ea DLC: 8 Data: 64d15b674c849369
CAN ID: 0x1d6 DLC: 8 Data: 4e6cac446663c82e
CAN ID: 0x1d1 DLC: 8 Data: 3264c0126e32a300
CAN ID: 0x616 DLC: 8 Data: 6325d57fa529f052
CAN ID: 0x5d1 DLC: 4 Data: 4c613550
CAN ID: 0x6b4 DLC: 8 Data: 8d3a3a75a874011d
CAN ID: 0x300 DLC: 8 Data: f34b182660b0912a
CAN ID: 0x7cd DLC: 7 Data: dca85676b7eed9
CAN ID: 0x7b0 DLC: 0 Data: 
CAN ID: 0x1ce DLC: 2 Data: ed4c
CAN ID: 0x200 DLC: 8 Data: 0d1e85021730c070
CAN ID: 0x5be DLC: 0 Data: 
CAN ID: 0x65 DLC: 8 Data: 99b7915d1977a63e
CAN ID: 0x784 DLC: 6 Data: c1eba75b84aa
CAN ID: 0x4be DLC: 4 Data: e55a8f44
CAN ID: 0x4ac DLC: 1 Data: 43
CAN ID: 0x601 DLC: 7 Data: e22dec10cfd7f2
CAN ID: 0x599 DLC: 8 Data: 6ec3d4349a37820e
CAN ID: 0x3ef DLC: 8 Data: b167427fad913c2c
CAN ID: 0x4ec DLC: 8 Data: 3d5d4f3751b5fd01
CAN ID: 0x476 DLC: 6 Data: 6a2ca440fabb
CAN ID: 0x6fd DLC: 8 Data: 7f66db4fbb237676
CAN ID: 0x7e0 DLC: 4 Data: 47482d1a
CAN ID: 0x525 DLC: 8 Data: e87874762643e967
CAN ID: 0x1d2 DLC: 8 Data: f51adc1a6c47d523
CAN ID: 0x19a DLC: 3 Data: 067f57
CAN ID: 0x7df DLC: 7 Data: 37df4a4ccce4be
CAN ID: 0x24 DLC: 4 Data: 1d9abc42
CAN ID: 0x14a DLC: 8 Data: 95e0420147582800
CAN ID: 0x6b4 DLC: 4 Data: 037c9e76
CAN ID: 0x78 DLC: 8 Data: 2163d5159dcdd934
CAN ID: 0x7d5 DLC: 8 Data: c310c31ca801472d
CAN ID: 0x2d4 DLC: 8 Data: 14491c516fa4534d
CAN ID: 0x21c DLC: 8 Data: f8f1616dfbc95a0e
CAN ID: 0x6d1 DLC: 8 Data: c7ae194ff5569a29
CAN ID: 0x5a3 DLC: 5 Data: 907bff74ee
CAN ID: 0x76d DLC: 6 Data: 35b7ea5521ee
CAN ID: 0x33a DLC: 8 Data: b51c9d72b3abe92c
CAN ID: 0x783 DLC: 6 Data: 5079c3615817
CAN ID: 0x3e0 DLC: 4 Data: 0019261e
CAN ID: 0x5cc DLC: 4 Data: 2383ba75
CAN ID: 0x22e DLC: 8 Data: e489d04bffd8c327
CAN ID: 0x64b DLC: 8 Data: f52f5e51ef53105a
CAN ID: 0x190 DLC: 5 Data: ddb2d22ffd
CAN ID: 0x7ab DLC: 2 Data: 1e7f
CAN ID: 0x54b DLC: 4 Data: 9956ea30
CAN ID: 0x3aa DLC: 8 Data: 26ac7a208a77a706
CAN ID: 0x1fd DLC: 7 Data: 3f560e2fca0f5a
CAN ID: 0x73b DLC: 2 Data: b2cf
CAN ID: 0x67e DLC: 6 Data: 692a5d48ca94
CAN ID: 0x242 DLC: 8 Data: b9e8be7ed2134b18
CAN ID: 0x5e4 DLC: 6 Data: d0a4425a8f0d
CAN ID: 0x5a8 DLC: 8 Data: 75b8b920f3a29506
CAN ID: 0x7c2 DLC: 8 Data: c13731366ddb812c
CAN ID: 0x6f8 DLC: 8 Data: f7522933f5388675
CAN ID: 0x10f DLC: 6 Data: bf48e03c4ad0
CAN ID: 0x299 DLC: 2 Data: b421
CAN ID: 0x208 DLC: 8 Data: e16594334a04db7d
CAN ID: 0x67c DLC: 8 Data: 1d18261660acfa25
CAN ID: 0x230 DLC: 8 Data: f0b9b342d9ef3315
CAN ID: 0xdb DLC: 5 Data: cc92c91b9e
CAN ID: 0x174 DLC: 8 Data: 0b7c9f286c606319
CAN ID: 0x676 DLC: 2 Data: 6199
CAN ID: 0x39 DLC: 1 Data: cf
CAN ID: 0x293 DLC: 4 Data: e9cbe653
CAN ID: 0x5a2 DLC: 8 Data: e670a51d1e3cf456
CAN ID: 0x65 DLC: 3 Data: 7fe8ee
SocketcanBus was not properly shut down
